  bouyancy.cpp
  bouyancyDemo.cpp
  callbacks.cpp
  explosion.cpp
  force_registry.cpp
  gravity.cpp
  main.cpp
  muelles_demo.cpp
D:\UNI\SIM\SIM\Practica 4\muelles3\skeleton\force_generator.hpp(9,1): warning C5204: "ParticleForceGenerator": la clase tiene funciones virtuales, pero su destructor trivial no es virtual; puede que las instancias de objetos derivados de esta clase no se destruyan correctamente (compilando archivo de origen gravity.cpp)
D:\UNI\SIM\SIM\Practica 4\muelles3\skeleton\force_generator.hpp(9,1): warning C5204: "ParticleForceGenerator": la clase tiene funciones virtuales, pero su destructor trivial no es virtual; puede que las instancias de objetos derivados de esta clase no se destruyan correctamente (compilando archivo de origen bouyancyDemo.cpp)
D:\UNI\SIM\SIM\Practica 4\muelles3\skeleton\force_generator.hpp(9,1): warning C5204: "ParticleForceGenerator": la clase tiene funciones virtuales, pero su destructor trivial no es virtual; puede que las instancias de objetos derivados de esta clase no se destruyan correctamente (compilando archivo de origen bouyancy.cpp)
D:\UNI\SIM\SIM\Practica 4\muelles3\skeleton\force_generator.hpp(9,1): warning C5204: "ParticleForceGenerator": la clase tiene funciones virtuales, pero su destructor trivial no es virtual; puede que las instancias de objetos derivados de esta clase no se destruyan correctamente (compilando archivo de origen explosion.cpp)
D:\UNI\SIM\SIM\Practica 4\muelles3\common\PhysX-3.4\PxShared\include\task\PxTask.h(329,1): warning C5220: "physx::PxLightCpuTask::mRefCount": un miembro de datos no estático con un tipo calificado volátil ya no implica
           que los constructores de copia/movimiento generados por el compilador y los operadores de asignación de copia o movimiento no sean triviales (compilando archivo de origen muelles_demo.cpp)
D:\UNI\SIM\SIM\Practica 4\muelles3\common\PhysX-3.4\PxShared\include\task\PxTask.h(326): message : vea la declaración de 'physx::PxLightCpuTask::mRefCount' (compilando archivo de origen muelles_demo.cpp)
D:\UNI\SIM\SIM\Practica 4\muelles3\common\PhysX-3.4\PxShared\include\task\PxTask.h(329,1): warning C5220: "physx::PxLightCpuTask::mRefCount": un miembro de datos no estático con un tipo calificado volátil ya no implica
           que los constructores de copia/movimiento generados por el compilador y los operadores de asignación de copia o movimiento no sean triviales (compilando archivo de origen bouyancyDemo.cpp)
D:\UNI\SIM\SIM\Practica 4\muelles3\common\PhysX-3.4\PxShared\include\task\PxTask.h(326): message : vea la declaración de 'physx::PxLightCpuTask::mRefCount' (compilando archivo de origen bouyancyDemo.cpp)
D:\UNI\SIM\SIM\Practica 4\muelles3\common\PhysX-3.4\PxShared\include\task\PxTask.h(329,1): warning C5220: "physx::PxLightCpuTask::mRefCount": un miembro de datos no estático con un tipo calificado volátil ya no implica
           que los constructores de copia/movimiento generados por el compilador y los operadores de asignación de copia o movimiento no sean triviales (compilando archivo de origen gravity.cpp)
D:\UNI\SIM\SIM\Practica 4\muelles3\common\PhysX-3.4\PxShared\include\task\PxTask.h(326): message : vea la declaración de 'physx::PxLightCpuTask::mRefCount' (compilando archivo de origen gravity.cpp)
D:\UNI\SIM\SIM\Practica 4\muelles3\common\PhysX-3.4\PxShared\include\task\PxTask.h(329,1): warning C5220: "physx::PxLightCpuTask::mRefCount": un miembro de datos no estático con un tipo calificado volátil ya no implica
           que los constructores de copia/movimiento generados por el compilador y los operadores de asignación de copia o movimiento no sean triviales (compilando archivo de origen callbacks.cpp)
D:\UNI\SIM\SIM\Practica 4\muelles3\common\PhysX-3.4\PxShared\include\task\PxTask.h(326): message : vea la declaración de 'physx::PxLightCpuTask::mRefCount' (compilando archivo de origen callbacks.cpp)
D:\UNI\SIM\SIM\Practica 4\muelles3\common\PhysX-3.4\PxShared\include\task\PxTask.h(329,1): warning C5220: "physx::PxLightCpuTask::mRefCount": un miembro de datos no estático con un tipo calificado volátil ya no implica
           que los constructores de copia/movimiento generados por el compilador y los operadores de asignación de copia o movimiento no sean triviales (compilando archivo de origen explosion.cpp)
D:\UNI\SIM\SIM\Practica 4\muelles3\common\PhysX-3.4\PxShared\include\task\PxTask.h(326): message : vea la declaración de 'physx::PxLightCpuTask::mRefCount' (compilando archivo de origen explosion.cpp)
D:\UNI\SIM\SIM\Practica 4\muelles3\common\PhysX-3.4\PxShared\include\task\PxTask.h(329,1): warning C5220: "physx::PxLightCpuTask::mRefCount": un miembro de datos no estático con un tipo calificado volátil ya no implica
           que los constructores de copia/movimiento generados por el compilador y los operadores de asignación de copia o movimiento no sean triviales (compilando archivo de origen main.cpp)
D:\UNI\SIM\SIM\Practica 4\muelles3\common\PhysX-3.4\PxShared\include\task\PxTask.h(326): message : vea la declaración de 'physx::PxLightCpuTask::mRefCount' (compilando archivo de origen main.cpp)
D:\UNI\SIM\SIM\Practica 4\muelles3\common\PhysX-3.4\PxShared\include\task\PxTask.h(329,1): warning C5220: "physx::PxLightCpuTask::mRefCount": un miembro de datos no estático con un tipo calificado volátil ya no implica
           que los constructores de copia/movimiento generados por el compilador y los operadores de asignación de copia o movimiento no sean triviales (compilando archivo de origen bouyancy.cpp)
D:\UNI\SIM\SIM\Practica 4\muelles3\common\PhysX-3.4\PxShared\include\task\PxTask.h(326): message : vea la declaración de 'physx::PxLightCpuTask::mRefCount' (compilando archivo de origen bouyancy.cpp)
D:\UNI\SIM\SIM\Practica 4\muelles3\skeleton\force_generator.hpp(9,1): warning C5204: "ParticleForceGenerator": la clase tiene funciones virtuales, pero su destructor trivial no es virtual; puede que las instancias de objetos derivados de esta clase no se destruyan correctamente (compilando archivo de origen force_registry.cpp)
D:\UNI\SIM\SIM\Practica 4\muelles3\common\PhysX-3.4\PxShared\include\task\PxTask.h(329,1): warning C5220: "physx::PxLightCpuTask::mRefCount": un miembro de datos no estático con un tipo calificado volátil ya no implica
           que los constructores de copia/movimiento generados por el compilador y los operadores de asignación de copia o movimiento no sean triviales (compilando archivo de origen force_registry.cpp)
D:\UNI\SIM\SIM\Practica 4\muelles3\common\PhysX-3.4\PxShared\include\task\PxTask.h(326): message : vea la declaración de 'physx::PxLightCpuTask::mRefCount' (compilando archivo de origen force_registry.cpp)
D:\UNI\SIM\SIM\Practica 4\muelles3\skeleton\force_generator.hpp(9,1): warning C5204: "ParticleForceGenerator": la clase tiene funciones virtuales, pero su destructor trivial no es virtual; puede que las instancias de objetos derivados de esta clase no se destruyan correctamente (compilando archivo de origen muelles_demo.cpp)
D:\UNI\SIM\SIM\Practica 4\muelles3\skeleton\spring.hpp(19,1): warning C5204: "ParticleSpring": la clase tiene funciones virtuales, pero su destructor trivial no es virtual; puede que las instancias de objetos derivados de esta clase no se destruyan correctamente (compilando archivo de origen muelles_demo.cpp)
D:\UNI\SIM\SIM\Practica 4\muelles3\skeleton\spring.hpp(33,1): warning C5204: "ParticleAnchoredSpring": la clase tiene funciones virtuales, pero su destructor trivial no es virtual; puede que las instancias de objetos derivados de esta clase no se destruyan correctamente (compilando archivo de origen muelles_demo.cpp)
D:\UNI\SIM\SIM\Practica 4\muelles3\skeleton\force_generator.hpp(9,1): warning C5204: "ParticleForceGenerator": la clase tiene funciones virtuales, pero su destructor trivial no es virtual; puede que las instancias de objetos derivados de esta clase no se destruyan correctamente (compilando archivo de origen main.cpp)
D:\UNI\SIM\SIM\Practica 4\muelles3\skeleton\gravity.hpp(15,1): warning C5204: "ParticleGravity": la clase tiene funciones virtuales, pero su destructor trivial no es virtual; puede que las instancias de objetos derivados de esta clase no se destruyan correctamente (compilando archivo de origen main.cpp)
D:\UNI\SIM\SIM\Practica 4\muelles3\skeleton\wind.hpp(18,1): warning C5204: "ParticleWind": la clase tiene funciones virtuales, pero su destructor trivial no es virtual; puede que las instancias de objetos derivados de esta clase no se destruyan correctamente (compilando archivo de origen main.cpp)
D:\UNI\SIM\SIM\Practica 4\muelles3\skeleton\explosion.hpp(17,1): warning C5204: "ParticleExplosion": la clase tiene funciones virtuales, pero su destructor trivial no es virtual; puede que las instancias de objetos derivados de esta clase no se destruyan correctamente (compilando archivo de origen main.cpp)
D:\UNI\SIM\SIM\Practica 4\muelles3\skeleton\explosion.hpp(17,1): warning C5204: "ParticleExplosion": la clase tiene funciones virtuales, pero su destructor trivial no es virtual; puede que las instancias de objetos derivados de esta clase no se destruyan correctamente (compilando archivo de origen explosion.cpp)
D:\UNI\SIM\SIM\Practica 4\muelles3\skeleton\explosion.cpp(4,63): warning C4100: 't': parámetro formal sin referencia
D:\UNI\SIM\SIM\Practica 4\muelles3\skeleton\main.cpp(183,12): warning C5205: la eliminación de una clase abstracta "ParticleWind" que tiene un destructor no virtual produce un comportamiento no definido
D:\UNI\SIM\SIM\Practica 4\muelles3\skeleton\wind.hpp(7): message : vea la declaración de 'ParticleWind'
D:\UNI\SIM\SIM\Practica 4\muelles3\skeleton\gravity.hpp(15,1): warning C5204: "ParticleGravity": la clase tiene funciones virtuales, pero su destructor trivial no es virtual; puede que las instancias de objetos derivados de esta clase no se destruyan correctamente (compilando archivo de origen gravity.cpp)
D:\UNI\SIM\SIM\Practica 4\muelles3\skeleton\bouyancy.hpp(17,1): warning C5204: "ParticleBouyancy": la clase tiene funciones virtuales, pero su destructor trivial no es virtual; puede que las instancias de objetos derivados de esta clase no se destruyan correctamente (compilando archivo de origen bouyancyDemo.cpp)
D:\UNI\SIM\SIM\Practica 4\muelles3\skeleton\bouyancy.hpp(17,1): warning C5204: "ParticleBouyancy": la clase tiene funciones virtuales, pero su destructor trivial no es virtual; puede que las instancias de objetos derivados de esta clase no se destruyan correctamente (compilando archivo de origen bouyancy.cpp)
D:\UNI\SIM\SIM\Practica 4\muelles3\skeleton\bouyancy.cpp(6,62): warning C4100: 't': parámetro formal sin referencia
D:\UNI\SIM\SIM\Practica 4\muelles3\skeleton\gravity.hpp(15,1): warning C5204: "ParticleGravity": la clase tiene funciones virtuales, pero su destructor trivial no es virtual; puede que las instancias de objetos derivados de esta clase no se destruyan correctamente (compilando archivo de origen force_registry.cpp)
D:\UNI\SIM\SIM\Practica 4\muelles3\common\PhysX-3.4\PxShared\include\foundation\PxVec3.h(303): warning C5045: El compilador insertará la mitigación de Spectre para la carga de memoria si se especificó el modificador /Qspectre
  D:\UNI\SIM\SIM\Practica 4\muelles3\common\PhysX-3.4\PxShared\include\foundation\PxVec3.h(302) : nota: el intervalo "m" del índice se comprobó por comparación en esta línea
  D:\UNI\SIM\SIM\Practica 4\muelles3\common\PhysX-3.4\PxShared\include\foundation\PxVec3.h(303) : nota: suministra la llamada en esta línea
  Particle.cpp
  ParticleSystem.cpp
  random.cpp
  RenderUtils.cpp
  Camera.cpp
  Render.cpp
  spring.cpp
D:\UNI\SIM\SIM\Practica 4\muelles3\skeleton\force_generator.hpp(9,1): warning C5204: "ParticleForceGenerator": la clase tiene funciones virtuales, pero su destructor trivial no es virtual; puede que las instancias de objetos derivados de esta clase no se destruyan correctamente (compilando archivo de origen spring.cpp)
  wind.cpp
D:\UNI\SIM\SIM\Practica 4\muelles3\common\PhysX-3.4\PxShared\include\task\PxTask.h(329,1): warning C5220: "physx::PxLightCpuTask::mRefCount": un miembro de datos no estático con un tipo calificado volátil ya no implica
           que los constructores de copia/movimiento generados por el compilador y los operadores de asignación de copia o movimiento no sean triviales (compilando archivo de origen Particle.cpp)
D:\UNI\SIM\SIM\Practica 4\muelles3\common\PhysX-3.4\PxShared\include\task\PxTask.h(326): message : vea la declaración de 'physx::PxLightCpuTask::mRefCount' (compilando archivo de origen Particle.cpp)
D:\UNI\SIM\SIM\Practica 4\muelles3\common\PhysX-3.4\PxShared\include\task\PxTask.h(329,1): warning C5220: "physx::PxLightCpuTask::mRefCount": un miembro de datos no estático con un tipo calificado volátil ya no implica
           que los constructores de copia/movimiento generados por el compilador y los operadores de asignación de copia o movimiento no sean triviales (compilando archivo de origen random.cpp)
D:\UNI\SIM\SIM\Practica 4\muelles3\common\PhysX-3.4\PxShared\include\task\PxTask.h(326): message : vea la declaración de 'physx::PxLightCpuTask::mRefCount' (compilando archivo de origen random.cpp)
D:\UNI\SIM\SIM\Practica 4\muelles3\skeleton\force_generator.hpp(9,1): warning C5204: "ParticleForceGenerator": la clase tiene funciones virtuales, pero su destructor trivial no es virtual; puede que las instancias de objetos derivados de esta clase no se destruyan correctamente (compilando archivo de origen wind.cpp)
D:\UNI\SIM\SIM\Practica 4\muelles3\skeleton\Render\Camera.cpp(88,19): warning C5219: conversión implícita de "int" a "float"; posible pérdida de datos
D:\UNI\SIM\SIM\Practica 4\muelles3\skeleton\Render\Camera.cpp(90,19): warning C5219: conversión implícita de "int" a "float"; posible pérdida de datos
D:\UNI\SIM\SIM\Practica 4\muelles3\common\PhysX-3.4\PxShared\include\foundation\PxVec3.h(293): warning C5045: El compilador insertará la mitigación de Spectre para la carga de memoria si se especificó el modificador /Qspectre
  D:\UNI\SIM\SIM\Practica 4\muelles3\common\PhysX-3.4\PxShared\include\foundation\PxVec3.h(293) : nota: el intervalo "m" del índice se comprobó por comparación en esta línea
  D:\UNI\SIM\SIM\Practica 4\muelles3\common\PhysX-3.4\PxShared\include\foundation\PxVec3.h(293) : nota: suministra la llamada en esta línea
D:\UNI\SIM\SIM\Practica 4\muelles3\common\PhysX-3.4\PxShared\include\foundation\PxVec3.h(303): warning C5045: El compilador insertará la mitigación de Spectre para la carga de memoria si se especificó el modificador /Qspectre
  D:\UNI\SIM\SIM\Practica 4\muelles3\common\PhysX-3.4\PxShared\include\foundation\PxVec3.h(302) : nota: el intervalo "m" del índice se comprobó por comparación en esta línea
  D:\UNI\SIM\SIM\Practica 4\muelles3\common\PhysX-3.4\PxShared\include\foundation\PxVec3.h(303) : nota: suministra la llamada en esta línea
D:\UNI\SIM\SIM\Practica 4\muelles3\common\PhysX-3.4\PxShared\include\task\PxTask.h(329,1): warning C5220: "physx::PxLightCpuTask::mRefCount": un miembro de datos no estático con un tipo calificado volátil ya no implica
           que los constructores de copia/movimiento generados por el compilador y los operadores de asignación de copia o movimiento no sean triviales (compilando archivo de origen ParticleSystem.cpp)
D:\UNI\SIM\SIM\Practica 4\muelles3\common\PhysX-3.4\PxShared\include\task\PxTask.h(326): message : vea la declaración de 'physx::PxLightCpuTask::mRefCount' (compilando archivo de origen ParticleSystem.cpp)
D:\UNI\SIM\SIM\Practica 4\muelles3\common\PhysX-3.4\PxShared\include\task\PxTask.h(329,1): warning C5220: "physx::PxLightCpuTask::mRefCount": un miembro de datos no estático con un tipo calificado volátil ya no implica
           que los constructores de copia/movimiento generados por el compilador y los operadores de asignación de copia o movimiento no sean triviales (compilando archivo de origen Render\Render.cpp)
D:\UNI\SIM\SIM\Practica 4\muelles3\common\PhysX-3.4\PxShared\include\task\PxTask.h(326): message : vea la declaración de 'physx::PxLightCpuTask::mRefCount' (compilando archivo de origen Render\Render.cpp)
D:\UNI\SIM\SIM\Practica 4\muelles3\common\PhysX-3.4\PxShared\include\task\PxTask.h(329,1): warning C5220: "physx::PxLightCpuTask::mRefCount": un miembro de datos no estático con un tipo calificado volátil ya no implica
           que los constructores de copia/movimiento generados por el compilador y los operadores de asignación de copia o movimiento no sean triviales (compilando archivo de origen spring.cpp)
D:\UNI\SIM\SIM\Practica 4\muelles3\common\PhysX-3.4\PxShared\include\task\PxTask.h(326): message : vea la declaración de 'physx::PxLightCpuTask::mRefCount' (compilando archivo de origen spring.cpp)
D:\UNI\SIM\SIM\Practica 4\muelles3\common\PhysX-3.4\PxShared\include\task\PxTask.h(329,1): warning C5220: "physx::PxLightCpuTask::mRefCount": un miembro de datos no estático con un tipo calificado volátil ya no implica
           que los constructores de copia/movimiento generados por el compilador y los operadores de asignación de copia o movimiento no sean triviales (compilando archivo de origen wind.cpp)
D:\UNI\SIM\SIM\Practica 4\muelles3\common\PhysX-3.4\PxShared\include\task\PxTask.h(326): message : vea la declaración de 'physx::PxLightCpuTask::mRefCount' (compilando archivo de origen wind.cpp)
D:\UNI\SIM\SIM\Practica 4\muelles3\common\PhysX-3.4\PxShared\include\task\PxTask.h(329,1): warning C5220: "physx::PxLightCpuTask::mRefCount": un miembro de datos no estático con un tipo calificado volátil ya no implica
           que los constructores de copia/movimiento generados por el compilador y los operadores de asignación de copia o movimiento no sean triviales (compilando archivo de origen RenderUtils.cpp)
D:\UNI\SIM\SIM\Practica 4\muelles3\common\PhysX-3.4\PxShared\include\task\PxTask.h(326): message : vea la declaración de 'physx::PxLightCpuTask::mRefCount' (compilando archivo de origen RenderUtils.cpp)
D:\UNI\SIM\SIM\Practica 4\muelles3\skeleton\Render\Render.cpp(341): warning C5045: El compilador insertará la mitigación de Spectre para la carga de memoria si se especificó el modificador /Qspectre
  D:\UNI\SIM\SIM\Practica 4\muelles3\skeleton\Render\Render.cpp(336) : nota: el intervalo "j" del índice se comprobó por comparación en esta línea
  D:\UNI\SIM\SIM\Practica 4\muelles3\skeleton\Render\Render.cpp(341) : nota: suministra la llamada en esta línea
D:\UNI\SIM\SIM\Practica 4\muelles3\skeleton\Render\Render.cpp(334): warning C5045: El compilador insertará la mitigación de Spectre para la carga de memoria si se especificó el modificador /Qspectre
  D:\UNI\SIM\SIM\Practica 4\muelles3\skeleton\Render\Render.cpp(329) : nota: el intervalo "i" del índice se comprobó por comparación en esta línea
  D:\UNI\SIM\SIM\Practica 4\muelles3\skeleton\Render\Render.cpp(334) : nota: suministra la carga de memoria en esta línea
D:\UNI\SIM\SIM\Practica 4\muelles3\skeleton\Render\Render.cpp(151): warning C5045: El compilador insertará la mitigación de Spectre para la carga de memoria si se especificó el modificador /Qspectre
  D:\UNI\SIM\SIM\Practica 4\muelles3\skeleton\Render\Render.cpp(144) : nota: el intervalo "" del índice se comprobó por comparación en esta línea
  D:\UNI\SIM\SIM\Practica 4\muelles3\skeleton\Render\Render.cpp(151) : nota: suministra la llamada en esta línea
D:\UNI\SIM\SIM\Practica 4\muelles3\skeleton\Render\Render.cpp(136): warning C5045: El compilador insertará la mitigación de Spectre para la carga de memoria si se especificó el modificador /Qspectre
  D:\UNI\SIM\SIM\Practica 4\muelles3\skeleton\Render\Render.cpp(121) : nota: el intervalo "nbPolys" del índice se comprobó por comparación en esta línea
  D:\UNI\SIM\SIM\Practica 4\muelles3\skeleton\Render\Render.cpp(136) : nota: suministra la llamada en esta línea
D:\UNI\SIM\SIM\Practica 4\muelles3\skeleton\Render\Render.cpp(124): warning C5045: El compilador insertará la mitigación de Spectre para la carga de memoria si se especificó el modificador /Qspectre
  D:\UNI\SIM\SIM\Practica 4\muelles3\skeleton\Render\Render.cpp(121) : nota: el intervalo "nbPolys" del índice se comprobó por comparación en esta línea
  D:\UNI\SIM\SIM\Practica 4\muelles3\skeleton\Render\Render.cpp(124) : nota: suministra la carga de memoria en esta línea
D:\UNI\SIM\SIM\Practica 4\muelles3\skeleton\Render\Render.cpp(208): warning C5045: El compilador insertará la mitigación de Spectre para la carga de memoria si se especificó el modificador /Qspectre
  D:\UNI\SIM\SIM\Practica 4\muelles3\skeleton\Render\Render.cpp(201) : nota: el intervalo "" del índice se comprobó por comparación en esta línea
  D:\UNI\SIM\SIM\Practica 4\muelles3\skeleton\Render\Render.cpp(208) : nota: suministra la llamada en esta línea
D:\UNI\SIM\SIM\Practica 4\muelles3\skeleton\Render\Render.cpp(195): warning C5045: El compilador insertará la mitigación de Spectre para la carga de memoria si se especificó el modificador /Qspectre
  D:\UNI\SIM\SIM\Practica 4\muelles3\skeleton\Render\Render.cpp(181) : nota: el intervalo "triangleCount" del índice se comprobó por comparación en esta línea
  D:\UNI\SIM\SIM\Practica 4\muelles3\skeleton\Render\Render.cpp(195) : nota: suministra la llamada en esta línea
D:\UNI\SIM\SIM\Practica 4\muelles3\skeleton\Render\Render.cpp(189): warning C5045: El compilador insertará la mitigación de Spectre para la carga de memoria si se especificó el modificador /Qspectre
  D:\UNI\SIM\SIM\Practica 4\muelles3\skeleton\Render\Render.cpp(181) : nota: el intervalo "triangleCount" del índice se comprobó por comparación en esta línea
  D:\UNI\SIM\SIM\Practica 4\muelles3\skeleton\Render\Render.cpp(189) : nota: suministra la llamada en esta línea
D:\UNI\SIM\SIM\Practica 4\muelles3\common\PhysX-3.4\PxShared\include\foundation\PxVec3.h(303): warning C5045: El compilador insertará la mitigación de Spectre para la carga de memoria si se especificó el modificador /Qspectre
  D:\UNI\SIM\SIM\Practica 4\muelles3\common\PhysX-3.4\PxShared\include\foundation\PxVec3.h(302) : nota: el intervalo "m" del índice se comprobó por comparación en esta línea
  D:\UNI\SIM\SIM\Practica 4\muelles3\common\PhysX-3.4\PxShared\include\foundation\PxVec3.h(303) : nota: suministra la llamada en esta línea
D:\UNI\SIM\SIM\Practica 4\muelles3\skeleton\spring.hpp(19,1): warning C5204: "ParticleSpring": la clase tiene funciones virtuales, pero su destructor trivial no es virtual; puede que las instancias de objetos derivados de esta clase no se destruyan correctamente (compilando archivo de origen spring.cpp)
D:\UNI\SIM\SIM\Practica 4\muelles3\skeleton\spring.hpp(33,1): warning C5204: "ParticleAnchoredSpring": la clase tiene funciones virtuales, pero su destructor trivial no es virtual; puede que las instancias de objetos derivados de esta clase no se destruyan correctamente (compilando archivo de origen spring.cpp)
D:\UNI\SIM\SIM\Practica 4\muelles3\skeleton\spring.cpp(6,53): warning C4100: 't': parámetro formal sin referencia
D:\UNI\SIM\SIM\Practica 4\muelles3\skeleton\spring.cpp(21,61): warning C4100: 't': parámetro formal sin referencia
D:\UNI\SIM\SIM\Practica 4\muelles3\skeleton\wind.hpp(18,1): warning C5204: "ParticleWind": la clase tiene funciones virtuales, pero su destructor trivial no es virtual; puede que las instancias de objetos derivados de esta clase no se destruyan correctamente (compilando archivo de origen wind.cpp)
D:\UNI\SIM\SIM\Practica 4\muelles3\skeleton\ParticleSystem.cpp(74): warning C5045: El compilador insertará la mitigación de Spectre para la carga de memoria si se especificó el modificador /Qspectre
  D:\UNI\SIM\SIM\Practica 4\muelles3\skeleton\ParticleSystem.cpp(67) : nota: el intervalo "" del índice se comprobó por comparación en esta línea
  D:\UNI\SIM\SIM\Practica 4\muelles3\skeleton\ParticleSystem.cpp(74) : nota: suministra la llamada en esta línea
D:\UNI\SIM\SIM\Practica 4\muelles3\common\PhysX-3.4\PxShared\include\foundation\PxVec3.h(303): warning C5045: El compilador insertará la mitigación de Spectre para la carga de memoria si se especificó el modificador /Qspectre
  D:\UNI\SIM\SIM\Practica 4\muelles3\common\PhysX-3.4\PxShared\include\foundation\PxVec3.h(302) : nota: el intervalo "m" del índice se comprobó por comparación en esta línea
  D:\UNI\SIM\SIM\Practica 4\muelles3\common\PhysX-3.4\PxShared\include\foundation\PxVec3.h(303) : nota: suministra la llamada en esta línea
  game.vcxproj -> D:\UNI\SIM\SIM\Practica 4\muelles3\bin\gameDEBUG.exe
