d:\uni\sim\sim\practica 3\fuerzas3\bin\gamedebug.pdb
d:\uni\sim\sim\practica 3\fuerzas3\skeleton\debug\particlesystem.obj
d:\uni\sim\sim\practica 3\fuerzas3\skeleton\debug\random.obj
d:\uni\sim\sim\practica 3\fuerzas3\skeleton\debug\explosion.obj
d:\uni\sim\sim\practica 3\fuerzas3\skeleton\debug\wind.obj
d:\uni\sim\sim\practica 3\fuerzas3\skeleton\debug\particle.obj
d:\uni\sim\sim\practica 3\fuerzas3\skeleton\debug\render.obj
d:\uni\sim\sim\practica 3\fuerzas3\skeleton\debug\main.obj
d:\uni\sim\sim\practica 3\fuerzas3\skeleton\debug\force_registry.obj
d:\uni\sim\sim\practica 3\fuerzas3\skeleton\debug\renderutils.obj
d:\uni\sim\sim\practica 3\fuerzas3\skeleton\debug\callbacks.obj
d:\uni\sim\sim\practica 3\fuerzas3\skeleton\debug\camera.obj
d:\uni\sim\sim\practica 3\fuerzas3\skeleton\debug\gravity.obj
d:\uni\sim\sim\practica 3\fuerzas3\bin\gamedebug.exe
d:\uni\sim\sim\practica 3\fuerzas3\bin\gamedebug.ilk
d:\uni\sim\sim\practica 3\fuerzas3\skeleton\debug\game.tlog\cl.command.1.tlog
d:\uni\sim\sim\practica 3\fuerzas3\skeleton\debug\game.tlog\cl.read.1.tlog
d:\uni\sim\sim\practica 3\fuerzas3\skeleton\debug\game.tlog\cl.write.1.tlog
d:\uni\sim\sim\practica 3\fuerzas3\skeleton\debug\game.tlog\link.command.1.tlog
d:\uni\sim\sim\practica 3\fuerzas3\skeleton\debug\game.tlog\link.read.1.tlog
d:\uni\sim\sim\practica 3\fuerzas3\skeleton\debug\game.tlog\link.write.1.tlog
