d:\uni\sim\sim\practica 2\sistemas2\skeleton\debug\particlesystem.obj
d:\uni\sim\sim\practica 2\sistemas2\skeleton\debug\particle.obj
d:\uni\sim\sim\practica 2\sistemas2\skeleton\debug\camera.obj
d:\uni\sim\sim\practica 2\sistemas2\skeleton\debug\firework.obj
d:\uni\sim\sim\practica 2\sistemas2\skeleton\debug\render.obj
d:\uni\sim\sim\practica 2\sistemas2\skeleton\debug\random.obj
d:\uni\sim\sim\practica 2\sistemas2\skeleton\debug\callbacks.obj
d:\uni\sim\sim\practica 2\sistemas2\skeleton\debug\main.obj
d:\uni\sim\sim\practica 2\sistemas2\skeleton\debug\firework_utils.obj
d:\uni\sim\sim\practica 2\sistemas2\skeleton\debug\renderutils.obj
d:\uni\sim\sim\practica 2\sistemas2\bin\gamedebug.pdb
d:\uni\sim\sim\practica 3\fuerzas1\skeleton\debug\random.obj
d:\uni\sim\sim\practica 3\fuerzas1\skeleton\debug\gravity.obj
d:\uni\sim\sim\practica 3\fuerzas1\skeleton\debug\callbacks.obj
d:\uni\sim\sim\practica 3\fuerzas1\skeleton\debug\force_registry.obj
d:\uni\sim\sim\practica 3\fuerzas1\skeleton\debug\camera.obj
d:\uni\sim\sim\practica 3\fuerzas1\skeleton\debug\render.obj
d:\uni\sim\sim\practica 3\fuerzas1\skeleton\debug\renderutils.obj
d:\uni\sim\sim\practica 3\fuerzas1\skeleton\debug\particle.obj
d:\uni\sim\sim\practica 3\fuerzas1\skeleton\debug\main.obj
d:\uni\sim\sim\practica 3\fuerzas1\skeleton\debug\firework.obj
d:\uni\sim\sim\practica 3\fuerzas1\skeleton\debug\firework_utils.obj
d:\uni\sim\sim\practica 3\fuerzas1\skeleton\debug\particlesystem.obj
d:\uni\sim\sim\practica 3\fuerzas1\skeleton\debug\game.tlog\cl.command.1.tlog
d:\uni\sim\sim\practica 3\fuerzas1\skeleton\debug\game.tlog\cl.read.1.tlog
d:\uni\sim\sim\practica 3\fuerzas1\skeleton\debug\game.tlog\cl.write.1.tlog
d:\uni\sim\sim\practica 3\fuerzas1\skeleton\debug\game.tlog\link-cvtres.read.1.tlog
d:\uni\sim\sim\practica 3\fuerzas1\skeleton\debug\game.tlog\link-cvtres.write.1.tlog
d:\uni\sim\sim\practica 3\fuerzas1\skeleton\debug\game.tlog\link-rc.read.1.tlog
d:\uni\sim\sim\practica 3\fuerzas1\skeleton\debug\game.tlog\link-rc.write.1.tlog
d:\uni\sim\sim\practica 3\fuerzas1\skeleton\debug\game.tlog\link.command.1.tlog
d:\uni\sim\sim\practica 3\fuerzas1\skeleton\debug\game.tlog\link.read.1.tlog
d:\uni\sim\sim\practica 3\fuerzas1\skeleton\debug\game.tlog\link.write.1.tlog
