d:\otros\uni\sim\sistemas2\skeleton\debug\random.obj
d:\otros\uni\sim\sistemas2\skeleton\debug\main.obj
d:\otros\uni\sim\sistemas2\skeleton\debug\callbacks.obj
d:\otros\uni\sim\sistemas2\skeleton\debug\camera.obj
d:\otros\uni\sim\sistemas2\skeleton\debug\render.obj
d:\otros\uni\sim\sistemas2\skeleton\debug\particle.obj
d:\otros\uni\sim\sistemas2\skeleton\debug\renderutils.obj
d:\otros\uni\sim\sistemas2\skeleton\debug\firework.obj
d:\otros\uni\sim\sistemas2\skeleton\debug\firework_utils.obj
d:\otros\uni\sim\sistemas2\skeleton\debug\particlesystem.obj
d:\otros\uni\sim\sistemas2\skeleton\debug\game.tlog\cl.command.1.tlog
d:\otros\uni\sim\sistemas2\skeleton\debug\game.tlog\cl.read.1.tlog
d:\otros\uni\sim\sistemas2\skeleton\debug\game.tlog\cl.write.1.tlog
d:\otros\uni\sim\sistemas2\skeleton\debug\game.tlog\link-cvtres.read.1.tlog
d:\otros\uni\sim\sistemas2\skeleton\debug\game.tlog\link-cvtres.write.1.tlog
d:\otros\uni\sim\sistemas2\skeleton\debug\game.tlog\link-rc.read.1.tlog
d:\otros\uni\sim\sistemas2\skeleton\debug\game.tlog\link-rc.write.1.tlog
d:\otros\uni\sim\sistemas2\skeleton\debug\game.tlog\link.command.1.tlog
d:\otros\uni\sim\sistemas2\skeleton\debug\game.tlog\link.read.1.tlog
d:\otros\uni\sim\sistemas2\skeleton\debug\game.tlog\link.write.1.tlog
