d:\uni\sim\p1\skeleton\debug\main.obj
d:\uni\sim\p1\skeleton\debug\callbacks.obj
d:\uni\sim\p1\skeleton\debug\renderutils.obj
d:\uni\sim\p1\skeleton\debug\render.obj
d:\uni\sim\p1\skeleton\debug\camera.obj
d:\uni\sim\p1\bin\gamedebug.pdb
d:\uni\sim\p1\skeleton\debug\particle.obj
d:\uni\sim\p1\bin\gamedebug.exe
d:\uni\sim\p1\bin\gamedebug.ilk
d:\uni\sim\sim\p1\skeleton\debug\callbacks.obj
d:\uni\sim\sim\p1\skeleton\debug\camera.obj
d:\uni\sim\sim\p1\skeleton\debug\main.obj
d:\uni\sim\sim\p1\skeleton\debug\particle.obj
d:\uni\sim\sim\p1\skeleton\debug\render.obj
d:\uni\sim\sim\p1\skeleton\debug\renderutils.obj
d:\uni\sim\sim\p1\skeleton\../bin/gamedebug.exe
d:\uni\sim\sim\p1\skeleton\debug\game.tlog\cl.command.1.tlog
d:\uni\sim\sim\p1\skeleton\debug\game.tlog\cl.read.1.tlog
d:\uni\sim\sim\p1\skeleton\debug\game.tlog\cl.write.1.tlog
d:\uni\sim\sim\p1\skeleton\debug\game.tlog\link.command.1.tlog
d:\uni\sim\sim\p1\skeleton\debug\game.tlog\link.read.1.tlog
d:\uni\sim\sim\p1\skeleton\debug\game.tlog\link.write.1.tlog
