d:\uni\sim\sim\practica 3\fuerzas3\skeleton\debug\main.obj
d:\uni\sim\sim\practica 3\fuerzas3\skeleton\debug\wind.obj
d:\uni\sim\sim\practica 3\fuerzas3\skeleton\debug\callbacks.obj
d:\uni\sim\sim\practica 3\fuerzas3\skeleton\debug\particlesystem.obj
d:\uni\sim\sim\practica 3\fuerzas3\skeleton\debug\render.obj
d:\uni\sim\sim\practica 3\fuerzas3\skeleton\debug\random.obj
d:\uni\sim\sim\practica 3\fuerzas3\skeleton\debug\force_registry.obj
d:\uni\sim\sim\practica 3\fuerzas3\skeleton\debug\renderutils.obj
d:\uni\sim\sim\practica 3\fuerzas3\skeleton\debug\particle.obj
d:\uni\sim\sim\practica 3\fuerzas3\skeleton\debug\explosion.obj
d:\uni\sim\sim\practica 3\fuerzas3\skeleton\debug\gravity.obj
d:\uni\sim\sim\practica 3\fuerzas3\skeleton\debug\camera.obj
d:\uni\sim\sim\practica 3\fuerzas3\bin\gamedebug.pdb
d:\uni\sim\sim\practica 4\muelles1\skeleton\debug\callbacks.obj
d:\uni\sim\sim\practica 4\muelles1\skeleton\debug\random.obj
d:\uni\sim\sim\practica 4\muelles1\skeleton\debug\main.obj
d:\uni\sim\sim\practica 4\muelles1\skeleton\debug\renderutils.obj
d:\uni\sim\sim\practica 4\muelles1\skeleton\debug\particlesystem.obj
d:\uni\sim\sim\practica 4\muelles1\skeleton\debug\spring.obj
d:\uni\sim\sim\practica 4\muelles1\skeleton\debug\particle.obj
d:\uni\sim\sim\practica 4\muelles1\skeleton\debug\camera.obj
d:\uni\sim\sim\practica 4\muelles1\skeleton\debug\gravity.obj
d:\uni\sim\sim\practica 4\muelles1\skeleton\debug\muelles_demo.obj
d:\uni\sim\sim\practica 4\muelles1\skeleton\debug\render.obj
d:\uni\sim\sim\practica 4\muelles1\skeleton\debug\explosion.obj
d:\uni\sim\sim\practica 4\muelles1\skeleton\debug\force_registry.obj
d:\uni\sim\sim\practica 4\muelles1\skeleton\debug\wind.obj
d:\uni\sim\sim\practica 4\muelles1\bin\gamedebug.pdb
d:\uni\sim\sim\practica 4\muelles2\skeleton\debug\gravity.obj
d:\uni\sim\sim\practica 4\muelles2\skeleton\debug\force_registry.obj
d:\uni\sim\sim\practica 4\muelles2\skeleton\debug\wind.obj
d:\uni\sim\sim\practica 4\muelles2\skeleton\debug\particle.obj
d:\uni\sim\sim\practica 4\muelles2\skeleton\debug\renderutils.obj
d:\uni\sim\sim\practica 4\muelles2\skeleton\debug\muelles_demo.obj
d:\uni\sim\sim\practica 4\muelles2\skeleton\debug\random.obj
d:\uni\sim\sim\practica 4\muelles2\skeleton\debug\explosion.obj
d:\uni\sim\sim\practica 4\muelles2\skeleton\debug\render.obj
d:\uni\sim\sim\practica 4\muelles2\skeleton\debug\particlesystem.obj
d:\uni\sim\sim\practica 4\muelles2\skeleton\debug\camera.obj
d:\uni\sim\sim\practica 4\muelles2\skeleton\debug\callbacks.obj
d:\uni\sim\sim\practica 4\muelles2\skeleton\debug\spring.obj
d:\uni\sim\sim\practica 4\muelles2\skeleton\debug\main.obj
d:\uni\sim\sim\practica 4\muelles2\bin\gamedebug.pdb
d:\uni\sim\sim\practica 4\muelles3\skeleton\debug\bouyancydemo.obj
d:\uni\sim\sim\practica 4\muelles3\skeleton\debug\spring.obj
d:\uni\sim\sim\practica 4\muelles3\skeleton\debug\force_registry.obj
d:\uni\sim\sim\practica 4\muelles3\skeleton\debug\wind.obj
d:\uni\sim\sim\practica 4\muelles3\skeleton\debug\callbacks.obj
d:\uni\sim\sim\practica 4\muelles3\skeleton\debug\particlesystem.obj
d:\uni\sim\sim\practica 4\muelles3\skeleton\debug\muelles_demo.obj
d:\uni\sim\sim\practica 4\muelles3\skeleton\debug\random.obj
d:\uni\sim\sim\practica 4\muelles3\skeleton\debug\gravity.obj
d:\uni\sim\sim\practica 4\muelles3\skeleton\debug\renderutils.obj
d:\uni\sim\sim\practica 4\muelles3\skeleton\debug\explosion.obj
d:\uni\sim\sim\practica 4\muelles3\skeleton\debug\particle.obj
d:\uni\sim\sim\practica 4\muelles3\skeleton\debug\bouyancy.obj
d:\uni\sim\sim\practica 4\muelles3\skeleton\debug\render.obj
d:\uni\sim\sim\practica 4\muelles3\skeleton\debug\main.obj
d:\uni\sim\sim\practica 4\muelles3\skeleton\debug\camera.obj
d:\uni\sim\sim\practica 4\muelles3\bin\gamedebug.pdb
d:\uni\sim\sim\practica 5\solidos\skeleton\debug\muelles_demo.obj
d:\uni\sim\sim\practica 5\solidos\skeleton\debug\camera.obj
d:\uni\sim\sim\practica 5\solidos\skeleton\debug\explosion.obj
d:\uni\sim\sim\practica 5\solidos\skeleton\debug\particlesystem.obj
d:\uni\sim\sim\practica 5\solidos\skeleton\debug\bouyancydemo.obj
d:\uni\sim\sim\practica 5\solidos\skeleton\debug\spring.obj
d:\uni\sim\sim\practica 5\solidos\skeleton\debug\bouyancy.obj
d:\uni\sim\sim\practica 5\solidos\skeleton\debug\wind.obj
d:\uni\sim\sim\practica 5\solidos\skeleton\debug\main.obj
d:\uni\sim\sim\practica 5\solidos\skeleton\debug\renderutils.obj
d:\uni\sim\sim\practica 5\solidos\skeleton\debug\callbacks.obj
d:\uni\sim\sim\practica 5\solidos\skeleton\debug\render.obj
d:\uni\sim\sim\practica 5\solidos\skeleton\debug\gravity.obj
d:\uni\sim\sim\practica 5\solidos\skeleton\debug\particle.obj
d:\uni\sim\sim\practica 5\solidos\skeleton\debug\force_registry.obj
d:\uni\sim\sim\practica 5\solidos\skeleton\debug\random.obj
d:\uni\sim\sim\practica 5\solidos\bin\gamedebug.pdb
d:\uni\sim\sim\practica 5\solidos\skeleton\debug\rigidbodysystem.obj
d:\uni\sim\sim\practica 5\solidoscorregidos\skeleton\debug\camera.obj
d:\uni\sim\sim\practica 5\solidoscorregidos\skeleton\debug\renderutils.obj
d:\uni\sim\sim\practica 5\solidoscorregidos\skeleton\debug\render.obj
d:\uni\sim\sim\practica 5\solidoscorregidos\skeleton\debug\random.obj
d:\uni\sim\sim\practica 5\solidoscorregidos\skeleton\debug\callbacks.obj
d:\uni\sim\sim\practica 5\solidoscorregidos\skeleton\debug\bouyancy.obj
d:\uni\sim\sim\practica 5\solidoscorregidos\skeleton\debug\wind.obj
d:\uni\sim\sim\practica 5\solidoscorregidos\skeleton\debug\spring.obj
d:\uni\sim\sim\practica 5\solidoscorregidos\skeleton\debug\muelles_demo.obj
d:\uni\sim\sim\practica 5\solidoscorregidos\skeleton\debug\rigidbody.obj
d:\uni\sim\sim\practica 5\solidoscorregidos\skeleton\debug\bouyancydemo.obj
d:\uni\sim\sim\practica 5\solidoscorregidos\skeleton\debug\particle.obj
d:\uni\sim\sim\practica 5\solidoscorregidos\skeleton\debug\explosion.obj
d:\uni\sim\sim\practica 5\solidoscorregidos\skeleton\debug\force_registry.obj
d:\uni\sim\sim\practica 5\solidoscorregidos\skeleton\debug\particlesystem.obj
d:\uni\sim\sim\practica 5\solidoscorregidos\skeleton\debug\main.obj
d:\uni\sim\sim\practica 5\solidoscorregidos\bin\gamedebug.pdb
d:\uni\sim\sim\practica 5\solidoscorregidos\skeleton\debug\gravity.obj
d:\uni\sim\sim\practica 3\fuerzas3\bin\gamedebug.exe
d:\uni\sim\sim\practica 3\fuerzas3\bin\gamedebug.ilk
d:\uni\sim\sim\practica 4\muelles1\bin\gamedebug.exe
d:\uni\sim\sim\practica 4\muelles1\bin\gamedebug.ilk
d:\uni\sim\sim\practica 4\muelles2\bin\gamedebug.exe
d:\uni\sim\sim\practica 4\muelles2\bin\gamedebug.ilk
d:\uni\sim\sim\practica 4\muelles3\bin\gamedebug.exe
d:\uni\sim\sim\practica 4\muelles3\bin\gamedebug.ilk
d:\uni\sim\sim\practica 5\solidos\bin\gamedebug.exe
d:\uni\sim\sim\practica 5\solidos\bin\gamedebug.ilk
d:\uni\sim\sim\practica 5\solidoscorregidos\skeleton\debug\rigidbodysystem.obj
d:\uni\sim\sim\practica 5\solidoscorregidos\skeleton\debug\game.tlog\cl.command.1.tlog
d:\uni\sim\sim\practica 5\solidoscorregidos\skeleton\debug\game.tlog\cl.read.1.tlog
d:\uni\sim\sim\practica 5\solidoscorregidos\skeleton\debug\game.tlog\cl.write.1.tlog
d:\uni\sim\sim\practica 5\solidoscorregidos\skeleton\debug\game.tlog\link-cvtres.read.1.tlog
d:\uni\sim\sim\practica 5\solidoscorregidos\skeleton\debug\game.tlog\link-cvtres.write.1.tlog
d:\uni\sim\sim\practica 5\solidoscorregidos\skeleton\debug\game.tlog\link-rc.read.1.tlog
d:\uni\sim\sim\practica 5\solidoscorregidos\skeleton\debug\game.tlog\link-rc.write.1.tlog
d:\uni\sim\sim\practica 5\solidoscorregidos\skeleton\debug\game.tlog\link.command.1.tlog
d:\uni\sim\sim\practica 5\solidoscorregidos\skeleton\debug\game.tlog\link.read.1.tlog
d:\uni\sim\sim\practica 5\solidoscorregidos\skeleton\debug\game.tlog\link.write.1.tlog
